03:43:05 - Starting XGBoost Hyperparameter Tuning with Optuna...
[I 2026-07-18 03:43:05,601] A new study created in memory with name: XGBoost_PR_AUC_Tuning
[I 2026-07-18 03:43:07,974] Trial 0 finished with value: 0.6560071995656901 and parameters: {'n_estimators': 145, 'max_depth': 4, 'min_child_weight': 4, 'learning_rate': 0.11142831118309356, 'subsample': 0.7508121023816384, 'colsample_bytree': 0.9558618729891736, 'reg_alpha': 3.2855595375166957, 'reg_lambda': 3.5104981023801485}. Best is trial 0 with value: 0.6560071995656901.
[I 2026-07-18 03:43:11,358] Trial 1 finished with value: 0.631382691840397 and parameters: {'n_estimators': 248, 'max_depth': 7, 'min_child_weight': 9, 'learning_rate': 0.09170252821261379, 'subsample': 0.8864122384594375, 'colsample_bytree': 0.9323421081041428, 'reg_alpha': 9.994608421561832, 'reg_lambda': 3.096663564144836}. Best is trial 0 with value: 0.6560071995656901.
[I 2026-07-18 03:43:14,106] Trial 2 finished with value: 0.5679374014562489 and parameters: {'n_estimators': 288, 'max_depth': 3, 'min_child_weight': 7, 'learning_rate': 0.026511272246143396, 'subsample': 0.6837509784777269, 'colsample_bytree': 0.7283766805065675, 'reg_alpha': 9.697841303940065, 'reg_lambda': 1.8924246276187673}. Best is trial 0 with value: 0.6560071995656901.
[I 2026-07-18 03:43:16,632] Trial 3 finished with value: 0.5449895998425643 and parameters: {'n_estimators': 103, 'max_depth': 8, 'min_child_weight': 5, 'learning_rate': 0.024112919901014933, 'subsample': 0.5403148068218372, 'colsample_bytree': 0.6527659424263383, 'reg_alpha': 4.309677185392021, 'reg_lambda': 8.149496211253549}. Best is trial 0 with value: 0.6560071995656901.
[I 2026-07-18 03:43:21,609] Trial 4 finished with value: 0.5984667983329878 and parameters: {'n_estimators': 100, 'max_depth': 9, 'min_child_weight': 3, 'learning_rate': 0.04621424611891027, 'subsample': 0.8697603619777156, 'colsample_bytree': 0.9369056486809053, 'reg_alpha': 6.598568026687568, 'reg_lambda': 9.449600098623163}. Best is trial 0 with value: 0.6560071995656901.
[I 2026-07-18 03:43:24,627] Trial 5 finished with value: 0.6179666484307128 and parameters: {'n_estimators': 264, 'max_depth': 3, 'min_child_weight': 2, 'learning_rate': 0.045728057666080325, 'subsample': 0.5822417552072294, 'colsample_bytree': 0.5020059262297096, 'reg_alpha': 2.498333577775087, 'reg_lambda': 5.404720246551504}. Best is trial 0 with value: 0.6560071995656901.
[I 2026-07-18 03:43:27,544] Trial 6 finished with value: 0.6030864902876384 and parameters: {'n_estimators': 104, 'max_depth': 8, 'min_child_weight': 3, 'learning_rate': 0.05967542787093156, 'subsample': 0.5488610558665081, 'colsample_bytree': 0.5370600519318229, 'reg_alpha': 3.914179355046109, 'reg_lambda': 6.197599994472531}. Best is trial 0 with value: 0.6560071995656901.
[I 2026-07-18 03:43:31,398] Trial 7 finished with value: 0.6634342512884591 and parameters: {'n_estimators': 207, 'max_depth': 5, 'min_child_weight': 4, 'learning_rate': 0.12664324524423953, 'subsample': 0.8756012127649864, 'colsample_bytree': 0.5340267729431395, 'reg_alpha': 4.485901149659467, 'reg_lambda': 2.303025141555338}. Best is trial 7 with value: 0.6634342512884591.
[I 2026-07-18 03:43:34,447] Trial 8 finished with value: 0.5793623288741525 and parameters: {'n_estimators': 144, 'max_depth': 5, 'min_child_weight': 6, 'learning_rate': 0.05180634633286074, 'subsample': 0.6782692551546887, 'colsample_bytree': 0.6307747037842322, 'reg_alpha': 9.68466420851717, 'reg_lambda': 7.256361600450248}. Best is trial 7 with value: 0.6634342512884591.
[I 2026-07-18 03:43:36,676] Trial 9 finished with value: 0.5977895484468708 and parameters: {'n_estimators': 138, 'max_depth': 3, 'min_child_weight': 5, 'learning_rate': 0.07467976472224827, 'subsample': 0.6368959628828504, 'colsample_bytree': 0.6811946295949274, 'reg_alpha': 3.545523973794907, 'reg_lambda': 4.670839614133991}. Best is trial 7 with value: 0.6634342512884591.
[I 2026-07-18 03:43:40,917] Trial 10 finished with value: 0.6856186464862004 and parameters: {'n_estimators': 213, 'max_depth': 6, 'min_child_weight': 1, 'learning_rate': 0.2165709162455011, 'subsample': 0.9723350165067111, 'colsample_bytree': 0.8299203454057611, 'reg_alpha': 0.48940552038966256, 'reg_lambda': 0.22824202430670493}. Best is trial 10 with value: 0.6856186464862004.
[I 2026-07-18 03:43:43,978] Trial 11 finished with value: 0.6704216690990447 and parameters: {'n_estimators': 213, 'max_depth': 6, 'min_child_weight': 1, 'learning_rate': 0.27261025337777073, 'subsample': 0.9996391526673053, 'colsample_bytree': 0.8138675149856474, 'reg_alpha': 0.5922076498144808, 'reg_lambda': 0.32248702933233864}. Best is trial 10 with value: 0.6856186464862004.
[I 2026-07-18 03:43:47,673] Trial 12 finished with value: 0.6944165609988341 and parameters: {'n_estimators': 207, 'max_depth': 6, 'min_child_weight': 1, 'learning_rate': 0.2815533489411595, 'subsample': 0.9850933746018411, 'colsample_bytree': 0.8257499195898123, 'reg_alpha': 0.1199063317966782, 'reg_lambda': 0.4346638544624788}. Best is trial 12 with value: 0.6944165609988341.
[I 2026-07-18 03:43:50,545] Trial 13 finished with value: 0.6645748593463789 and parameters: {'n_estimators': 192, 'max_depth': 6, 'min_child_weight': 1, 'learning_rate': 0.2906518215273628, 'subsample': 0.9935101571698107, 'colsample_bytree': 0.8338770651525693, 'reg_alpha': 0.05268978860533069, 'reg_lambda': 0.426591127378376}. Best is trial 12 with value: 0.6944165609988341.
[I 2026-07-18 03:43:54,101] Trial 14 finished with value: 0.6899710892417711 and parameters: {'n_estimators': 188, 'max_depth': 6, 'min_child_weight': 1, 'learning_rate': 0.17276375364143692, 'subsample': 0.9426100161812822, 'colsample_bytree': 0.820026742104019, 'reg_alpha': 1.4015224735567209, 'reg_lambda': 0.04876996614484419}. Best is trial 12 with value: 0.6944165609988341.
[I 2026-07-18 03:43:57,735] Trial 15 finished with value: 0.6932891615420185 and parameters: {'n_estimators': 173, 'max_depth': 7, 'min_child_weight': 2, 'learning_rate': 0.17361600353967774, 'subsample': 0.9147338474473881, 'colsample_bytree': 0.7524515504529352, 'reg_alpha': 1.9699200301067832, 'reg_lambda': 1.5003341108951807}. Best is trial 12 with value: 0.6944165609988341.
[I 2026-07-18 03:43:59,495] Trial 16 finished with value: 0.664948802399794 and parameters: {'n_estimators': 51, 'max_depth': 7, 'min_child_weight': 3, 'learning_rate': 0.1672165411817014, 'subsample': 0.8229773075796684, 'colsample_bytree': 0.7421658920835978, 'reg_alpha': 2.058978127403452, 'reg_lambda': 1.671045973115639}. Best is trial 12 with value: 0.6944165609988341.
[I 2026-07-18 03:44:04,711] Trial 17 finished with value: 0.5559810215630949 and parameters: {'n_estimators': 171, 'max_depth': 7, 'min_child_weight': 2, 'learning_rate': 0.010360869417490821, 'subsample': 0.783096217864715, 'colsample_bytree': 0.7539314645380301, 'reg_alpha': 5.832637852340435, 'reg_lambda': 1.4595233639258065}. Best is trial 12 with value: 0.6944165609988341.
[I 2026-07-18 03:44:08,414] Trial 18 finished with value: 0.6770946451891984 and parameters: {'n_estimators': 241, 'max_depth': 9, 'min_child_weight': 9, 'learning_rate': 0.1571711050594007, 'subsample': 0.9284886675145044, 'colsample_bytree': 0.8842700365168985, 'reg_alpha': 1.5868142083207892, 'reg_lambda': 3.696618416338821}. Best is trial 12 with value: 0.6944165609988341.
[I 2026-07-18 03:44:11,396] Trial 19 finished with value: 0.6534387497995487 and parameters: {'n_estimators': 170, 'max_depth': 5, 'min_child_weight': 2, 'learning_rate': 0.2229077929235297, 'subsample': 0.9151245025841124, 'colsample_bytree': 0.883359673723629, 'reg_alpha': 5.688400327493818, 'reg_lambda': 2.691077276670295}. Best is trial 12 with value: 0.6944165609988341.
[I 2026-07-18 03:44:15,193] Trial 20 finished with value: 0.6784237927600225 and parameters: {'n_estimators': 236, 'max_depth': 8, 'min_child_weight': 7, 'learning_rate': 0.12350091093712245, 'subsample': 0.8287377998574406, 'colsample_bytree': 0.9943905771161203, 'reg_alpha': 2.7436818479729235, 'reg_lambda': 1.2009574187067225}. Best is trial 12 with value: 0.6944165609988341.
[I 2026-07-18 03:44:19,074] Trial 21 finished with value: 0.6855041927803652 and parameters: {'n_estimators': 177, 'max_depth': 6, 'min_child_weight': 1, 'learning_rate': 0.18240006604882053, 'subsample': 0.949491239502268, 'colsample_bytree': 0.78547446067568, 'reg_alpha': 1.2266817237888192, 'reg_lambda': 0.930310804037587}. Best is trial 12 with value: 0.6944165609988341.
[I 2026-07-18 03:44:22,570] Trial 22 finished with value: 0.6873802245285577 and parameters: {'n_estimators': 196, 'max_depth': 7, 'min_child_weight': 2, 'learning_rate': 0.2898903401329351, 'subsample': 0.9336499181618527, 'colsample_bytree': 0.873994350814096, 'reg_alpha': 1.1018934857126457, 'reg_lambda': 0.0535632455892035}. Best is trial 12 with value: 0.6944165609988341.
[I 2026-07-18 03:44:25,085] Trial 23 finished with value: 0.6882006361121275 and parameters: {'n_estimators': 161, 'max_depth': 5, 'min_child_weight': 1, 'learning_rate': 0.2028952301734275, 'subsample': 0.9058296397830395, 'colsample_bytree': 0.6970377672534942, 'reg_alpha': 1.8376384127935474, 'reg_lambda': 1.0846208919789975}. Best is trial 12 with value: 0.6944165609988341.
[I 2026-07-18 03:44:28,913] Trial 24 finished with value: 0.6804378624394696 and parameters: {'n_estimators': 226, 'max_depth': 6, 'min_child_weight': 3, 'learning_rate': 0.15176337994632477, 'subsample': 0.8391887899343602, 'colsample_bytree': 0.8009822465104952, 'reg_alpha': 0.07896631778904761, 'reg_lambda': 2.4246692698783114}. Best is trial 12 with value: 0.6944165609988341.
[I 2026-07-18 03:44:31,001] Trial 25 finished with value: 0.6643099622623884 and parameters: {'n_estimators': 123, 'max_depth': 4, 'min_child_weight': 2, 'learning_rate': 0.10018609074687258, 'subsample': 0.9612661554802234, 'colsample_bytree': 0.7779054038451714, 'reg_alpha': 1.1732892823837728, 'reg_lambda': 0.8177781557052604}. Best is trial 12 with value: 0.6944165609988341.
[I 2026-07-18 03:44:34,879] Trial 26 finished with value: 0.6687423669366918 and parameters: {'n_estimators': 265, 'max_depth': 7, 'min_child_weight': 4, 'learning_rate': 0.23056438405775598, 'subsample': 0.9553543666825056, 'colsample_bytree': 0.839530185570067, 'reg_alpha': 2.690056595189092, 'reg_lambda': 4.1031553709539015}. Best is trial 12 with value: 0.6944165609988341.
[I 2026-07-18 03:44:38,484] Trial 27 finished with value: 0.661843883316772 and parameters: {'n_estimators': 188, 'max_depth': 8, 'min_child_weight': 10, 'learning_rate': 0.1404461637926375, 'subsample': 0.7620050114602827, 'colsample_bytree': 0.7055647120253601, 'reg_alpha': 2.1161964089629155, 'reg_lambda': 1.9592081910679096}. Best is trial 12 with value: 0.6944165609988341.
[I 2026-07-18 03:44:41,486] Trial 28 finished with value: 0.6400182313486412 and parameters: {'n_estimators': 158, 'max_depth': 6, 'min_child_weight': 2, 'learning_rate': 0.08367096497656377, 'subsample': 0.8566011073578412, 'colsample_bytree': 0.6373771835339238, 'reg_alpha': 8.162347633265123, 'reg_lambda': 0.0028330350998651}. Best is trial 12 with value: 0.6944165609988341.
[I 2026-07-18 03:44:44,956] Trial 29 finished with value: 0.6648428402096823 and parameters: {'n_estimators': 127, 'max_depth': 4, 'min_child_weight': 1, 'learning_rate': 0.12144761366397615, 'subsample': 0.7901559671864683, 'colsample_bytree': 0.8629403679352081, 'reg_alpha': 3.1682428080587153, 'reg_lambda': 3.1454620376174622}. Best is trial 12 with value: 0.6944165609988341.
[I 2026-07-18 03:44:48,434] Trial 30 finished with value: 0.6831982963562812 and parameters: {'n_estimators': 226, 'max_depth': 5, 'min_child_weight': 4, 'learning_rate': 0.18373081771522032, 'subsample': 0.9025577242938244, 'colsample_bytree': 0.9214151312377342, 'reg_alpha': 0.46449677933550415, 'reg_lambda': 0.8722651587284647}. Best is trial 12 with value: 0.6944165609988341.
[I 2026-07-18 03:44:51,284] Trial 31 finished with value: 0.6863190920074388 and parameters: {'n_estimators': 159, 'max_depth': 5, 'min_child_weight': 1, 'learning_rate': 0.2086042527347873, 'subsample': 0.8989730910181508, 'colsample_bytree': 0.7119845277287705, 'reg_alpha': 1.8473444535184873, 'reg_lambda': 1.3745977568723495}. Best is trial 12 with value: 0.6944165609988341.
[I 2026-07-18 03:44:55,271] Trial 32 finished with value: 0.6810796874494883 and parameters: {'n_estimators': 184, 'max_depth': 7, 'min_child_weight': 1, 'learning_rate': 0.2377862673563645, 'subsample': 0.9125985356837291, 'colsample_bytree': 0.7588928308147331, 'reg_alpha': 0.9627573102539122, 'reg_lambda': 0.9106856224753662}. Best is trial 12 with value: 0.6944165609988341.
[I 2026-07-18 03:44:57,768] Trial 33 finished with value: 0.6744302121518798 and parameters: {'n_estimators': 157, 'max_depth': 4, 'min_child_weight': 2, 'learning_rate': 0.18291457799484018, 'subsample': 0.9704980851837253, 'colsample_bytree': 0.6792853050549938, 'reg_alpha': 2.006270733960658, 'reg_lambda': 1.9642089338368462}. Best is trial 12 with value: 0.6944165609988341.
[I 2026-07-18 03:45:02,086] Trial 34 finished with value: 0.6770148224972538 and parameters: {'n_estimators': 201, 'max_depth': 6, 'min_child_weight': 3, 'learning_rate': 0.1016664399351872, 'subsample': 0.8878101667942734, 'colsample_bytree': 0.6027745581042605, 'reg_alpha': 1.5866473684721472, 'reg_lambda': 2.9295839702939532}. Best is trial 12 with value: 0.6944165609988341.
[I 2026-07-18 03:45:06,024] Trial 35 finished with value: 0.6808337294578015 and parameters: {'n_estimators': 254, 'max_depth': 5, 'min_child_weight': 1, 'learning_rate': 0.2495157240305851, 'subsample': 0.9386001902028437, 'colsample_bytree': 0.7768946563037296, 'reg_alpha': 3.210603657185959, 'reg_lambda': 1.6422052746954827}. Best is trial 12 with value: 0.6944165609988341.
[I 2026-07-18 03:45:10,084] Trial 36 finished with value: 0.6785101025733336 and parameters: {'n_estimators': 162, 'max_depth': 6, 'min_child_weight': 2, 'learning_rate': 0.14310759809381227, 'subsample': 0.8522676352504982, 'colsample_bytree': 0.7320765258882316, 'reg_alpha': 2.469493593026122, 'reg_lambda': 0.677209906052481}. Best is trial 12 with value: 0.6944165609988341.
[I 2026-07-18 03:45:13,585] Trial 37 finished with value: 0.6552360489667327 and parameters: {'n_estimators': 288, 'max_depth': 7, 'min_child_weight': 3, 'learning_rate': 0.19396965657689022, 'subsample': 0.9833657856428522, 'colsample_bytree': 0.5953163155453765, 'reg_alpha': 4.6953357362948385, 'reg_lambda': 2.224132730276839}. Best is trial 12 with value: 0.6944165609988341.
[I 2026-07-18 03:45:20,125] Trial 38 finished with value: 0.6760601201012486 and parameters: {'n_estimators': 118, 'max_depth': 8, 'min_child_weight': 2, 'learning_rate': 0.0707313119321962, 'subsample': 0.8061012886771497, 'colsample_bytree': 0.9098293508693711, 'reg_alpha': 0.6534814711721771, 'reg_lambda': 3.3354750566753166}. Best is trial 12 with value: 0.6944165609988341.
[I 2026-07-18 03:45:21,994] Trial 39 finished with value: 0.5681586861987046 and parameters: {'n_estimators': 64, 'max_depth': 5, 'min_child_weight': 1, 'learning_rate': 0.026373170155508587, 'subsample': 0.7162940713761363, 'colsample_bytree': 0.694170982863527, 'reg_alpha': 1.4873129528505507, 'reg_lambda': 1.455825331264379}. Best is trial 12 with value: 0.6944165609988341.
[I 2026-07-18 03:45:26,805] Trial 40 finished with value: 0.5557757332019246 and parameters: {'n_estimators': 142, 'max_depth': 6, 'min_child_weight': 5, 'learning_rate': 0.010512444523607584, 'subsample': 0.8965662384813211, 'colsample_bytree': 0.6577361106114463, 'reg_alpha': 3.8628211058234223, 'reg_lambda': 0.5891485445670476}. Best is trial 12 with value: 0.6944165609988341.
[I 2026-07-18 03:45:29,985] Trial 41 finished with value: 0.6803013926369577 and parameters: {'n_estimators': 200, 'max_depth': 7, 'min_child_weight': 2, 'learning_rate': 0.2827620855344758, 'subsample': 0.9344583439022633, 'colsample_bytree': 0.8550613739741608, 'reg_alpha': 1.044404247246316, 'reg_lambda': 0.09533889367357494}. Best is trial 12 with value: 0.6944165609988341.
[I 2026-07-18 03:45:34,586] Trial 42 finished with value: 0.6899622543914922 and parameters: {'n_estimators': 222, 'max_depth': 7, 'min_child_weight': 2, 'learning_rate': 0.293216894385438, 'subsample': 0.8656102711758539, 'colsample_bytree': 0.8893610369844798, 'reg_alpha': 0.032517592813654, 'reg_lambda': 9.817925329819271}. Best is trial 12 with value: 0.6944165609988341.
[I 2026-07-18 03:45:38,141] Trial 43 finished with value: 0.6802665826811456 and parameters: {'n_estimators': 220, 'max_depth': 8, 'min_child_weight': 3, 'learning_rate': 0.25463192068049134, 'subsample': 0.8769958481174599, 'colsample_bytree': 0.813333752772548, 'reg_alpha': 0.3349068066947443, 'reg_lambda': 9.914308872753184}. Best is trial 12 with value: 0.6944165609988341.
[I 2026-07-18 03:45:43,175] Trial 44 finished with value: 0.6943308027773211 and parameters: {'n_estimators': 180, 'max_depth': 7, 'min_child_weight': 1, 'learning_rate': 0.20490081208287855, 'subsample': 0.8595811583191628, 'colsample_bytree': 0.9030521387223861, 'reg_alpha': 0.01961303504431733, 'reg_lambda': 8.144223902351442}. Best is trial 12 with value: 0.6944165609988341.
[I 2026-07-18 03:45:51,688] Trial 45 finished with value: 0.6335656472534761 and parameters: {'n_estimators': 211, 'max_depth': 7, 'min_child_weight': 3, 'learning_rate': 0.01966069958682901, 'subsample': 0.8592797255848535, 'colsample_bytree': 0.9665547846280238, 'reg_alpha': 0.7910792548093157, 'reg_lambda': 8.087527272779491}. Best is trial 12 with value: 0.6944165609988341.
[I 2026-07-18 03:45:56,025] Trial 46 finished with value: 0.6922550368392283 and parameters: {'n_estimators': 186, 'max_depth': 7, 'min_child_weight': 1, 'learning_rate': 0.29841209293171556, 'subsample': 0.9965436884984054, 'colsample_bytree': 0.9063772761673027, 'reg_alpha': 0.020067252645696393, 'reg_lambda': 8.747208253697133}. Best is trial 12 with value: 0.6944165609988341.
[I 2026-07-18 03:46:02,658] Trial 47 finished with value: 0.6718444010141934 and parameters: {'n_estimators': 180, 'max_depth': 8, 'min_child_weight': 1, 'learning_rate': 0.16245397493546138, 'subsample': 0.9996680885120641, 'colsample_bytree': 0.9450589505973856, 'reg_alpha': 0.5198528579821136, 'reg_lambda': 8.676481054119678}. Best is trial 12 with value: 0.6944165609988341.
[I 2026-07-18 03:46:11,396] Trial 48 finished with value: 0.6626036369398419 and parameters: {'n_estimators': 191, 'max_depth': 9, 'min_child_weight': 1, 'learning_rate': 0.03553152325754332, 'subsample': 0.9767196953841717, 'colsample_bytree': 0.8485487296355909, 'reg_alpha': 1.3887640670472803, 'reg_lambda': 6.662597718935711}. Best is trial 12 with value: 0.6944165609988341.
[I 2026-07-18 03:46:14,938] Trial 49 finished with value: 0.6775739459083144 and parameters: {'n_estimators': 174, 'max_depth': 7, 'min_child_weight': 4, 'learning_rate': 0.13816496720004712, 'subsample': 0.9529754593687848, 'colsample_bytree': 0.9078220132835314, 'reg_alpha': 2.3886022319703097, 'reg_lambda': 9.045387298702874}. Best is trial 12 with value: 0.6944165609988341.
03:46:14 - Number of finished trials: 50
03:46:14 - Best trial:
03:46:14 -   Value (Average PR-AUC): 0.6944165609988341
03:46:14 -   Params: 
03:46:14 -     n_estimators: 207
03:46:14 -     max_depth: 6
03:46:14 -     min_child_weight: 1
03:46:14 -     learning_rate: 0.2815533489411595
03:46:14 -     subsample: 0.9850933746018411
03:46:14 -     colsample_bytree: 0.8257499195898123
03:46:14 -     reg_alpha: 0.1199063317966782
03:46:14 -     reg_lambda: 0.4346638544624788
03:46:14 - Best parameters saved to D:\VSCode Data\Road Detection - Project Skripsi\ml_pipelines\evaluation\models\xgboost\best_params.json
03:46:14 - You can now run train.py which will automatically use these best parameters!
