21:36:50 - Starting XGBoost Hyperparameter Tuning with Optuna...
[I 2026-07-22 21:36:50,628] A new study created in memory with name: XGBoost_PR_AUC_Tuning
[I 2026-07-22 21:37:07,829] Trial 0 finished with value: 0.5616472329911668 and parameters: {'n_estimators': 242, 'max_depth': 3, 'min_child_weight': 10, 'learning_rate': 0.011131334490879238, 'subsample': 0.8487256924273703, 'colsample_bytree': 0.5150795705488884, 'reg_alpha': 4.152482011610013, 'reg_lambda': 5.30761771185682}. Best is trial 0 with value: 0.5616472329911668.
[I 2026-07-22 21:37:15,529] Trial 1 finished with value: 0.6456973721107923 and parameters: {'n_estimators': 110, 'max_depth': 3, 'min_child_weight': 9, 'learning_rate': 0.2135035333338729, 'subsample': 0.9963205738906522, 'colsample_bytree': 0.9862146086091368, 'reg_alpha': 0.05284534468273039, 'reg_lambda': 0.9330616095258437}. Best is trial 1 with value: 0.6456973721107923.
[I 2026-07-22 21:37:26,542] Trial 2 finished with value: 0.6386000772739013 and parameters: {'n_estimators': 203, 'max_depth': 7, 'min_child_weight': 8, 'learning_rate': 0.24259446818272296, 'subsample': 0.5801444596126679, 'colsample_bytree': 0.6671565969615109, 'reg_alpha': 0.24975478328862488, 'reg_lambda': 0.1932275588061294}. Best is trial 1 with value: 0.6456973721107923.
[I 2026-07-22 21:37:35,635] Trial 3 finished with value: 0.6336365111672716 and parameters: {'n_estimators': 187, 'max_depth': 8, 'min_child_weight': 8, 'learning_rate': 0.22936660491620667, 'subsample': 0.9122203627244834, 'colsample_bytree': 0.5163450876092327, 'reg_alpha': 9.887493563752273, 'reg_lambda': 8.1909777671026}. Best is trial 1 with value: 0.6456973721107923.
[I 2026-07-22 21:37:39,121] Trial 4 finished with value: 0.5563677327567242 and parameters: {'n_estimators': 51, 'max_depth': 3, 'min_child_weight': 3, 'learning_rate': 0.03320425130388845, 'subsample': 0.8107223163904106, 'colsample_bytree': 0.9090952210164746, 'reg_alpha': 5.894428823403882, 'reg_lambda': 2.465486968697147}. Best is trial 1 with value: 0.6456973721107923.
[I 2026-07-22 21:37:46,032] Trial 5 finished with value: 0.6039133422861638 and parameters: {'n_estimators': 172, 'max_depth': 3, 'min_child_weight': 7, 'learning_rate': 0.04889046502305432, 'subsample': 0.6917752555512136, 'colsample_bytree': 0.515535640656813, 'reg_alpha': 4.764670004981442, 'reg_lambda': 8.40824109988734}. Best is trial 1 with value: 0.6456973721107923.
[I 2026-07-22 21:38:13,271] Trial 6 finished with value: 0.6325310745843227 and parameters: {'n_estimators': 177, 'max_depth': 9, 'min_child_weight': 2, 'learning_rate': 0.038087570823753095, 'subsample': 0.5959009036886787, 'colsample_bytree': 0.9923422791188847, 'reg_alpha': 1.605422991153147, 'reg_lambda': 9.028927268462466}. Best is trial 1 with value: 0.6456973721107923.
[I 2026-07-22 21:38:17,355] Trial 7 finished with value: 0.5655333101758213 and parameters: {'n_estimators': 69, 'max_depth': 3, 'min_child_weight': 8, 'learning_rate': 0.04503924016640914, 'subsample': 0.575907244135669, 'colsample_bytree': 0.9541223671169909, 'reg_alpha': 5.949842711506086, 'reg_lambda': 9.614981738261806}. Best is trial 1 with value: 0.6456973721107923.
[I 2026-07-22 21:38:25,859] Trial 8 finished with value: 0.6397802272065373 and parameters: {'n_estimators': 162, 'max_depth': 6, 'min_child_weight': 5, 'learning_rate': 0.2565448283650959, 'subsample': 0.5538373209132232, 'colsample_bytree': 0.952495460777096, 'reg_alpha': 8.936937658803185, 'reg_lambda': 1.4014383222030957}. Best is trial 1 with value: 0.6456973721107923.
[I 2026-07-22 21:38:43,002] Trial 9 finished with value: 0.6416880630283769 and parameters: {'n_estimators': 211, 'max_depth': 9, 'min_child_weight': 4, 'learning_rate': 0.046893267213914624, 'subsample': 0.6197129332821474, 'colsample_bytree': 0.540809502876631, 'reg_alpha': 2.7317631070972572, 'reg_lambda': 6.104083146877173}. Best is trial 1 with value: 0.6456973721107923.
[I 2026-07-22 21:38:52,334] Trial 10 finished with value: 0.6433123052805562 and parameters: {'n_estimators': 109, 'max_depth': 5, 'min_child_weight': 1, 'learning_rate': 0.11468037804836059, 'subsample': 0.9980281507902646, 'colsample_bytree': 0.7570508702201093, 'reg_alpha': 7.863310885016598, 'reg_lambda': 4.426544539106223}. Best is trial 1 with value: 0.6456973721107923.
[I 2026-07-22 21:39:02,829] Trial 11 finished with value: 0.640167769699586 and parameters: {'n_estimators': 111, 'max_depth': 5, 'min_child_weight': 1, 'learning_rate': 0.11361559589831577, 'subsample': 0.9994821136584273, 'colsample_bytree': 0.795284684754987, 'reg_alpha': 7.85406745722276, 'reg_lambda': 3.537391422056828}. Best is trial 1 with value: 0.6456973721107923.
[I 2026-07-22 21:39:11,366] Trial 12 finished with value: 0.6428283631543678 and parameters: {'n_estimators': 118, 'max_depth': 5, 'min_child_weight': 6, 'learning_rate': 0.11691647044065884, 'subsample': 0.983354722313064, 'colsample_bytree': 0.8379069841084614, 'reg_alpha': 7.669325833073402, 'reg_lambda': 4.319658142650408}. Best is trial 1 with value: 0.6456973721107923.
[I 2026-07-22 21:39:18,540] Trial 13 finished with value: 0.654622689822776 and parameters: {'n_estimators': 110, 'max_depth': 5, 'min_child_weight': 10, 'learning_rate': 0.12146949728557921, 'subsample': 0.9258879614176337, 'colsample_bytree': 0.721705590060441, 'reg_alpha': 0.5525138026057936, 'reg_lambda': 6.63031386047667}. Best is trial 13 with value: 0.654622689822776.
[I 2026-07-22 21:39:29,484] Trial 14 finished with value: 0.6538703862518677 and parameters: {'n_estimators': 296, 'max_depth': 4, 'min_child_weight': 10, 'learning_rate': 0.15971565069603463, 'subsample': 0.896976497370912, 'colsample_bytree': 0.6805528577776188, 'reg_alpha': 0.14447056896354765, 'reg_lambda': 6.719820178341628}. Best is trial 13 with value: 0.654622689822776.
[I 2026-07-22 21:39:42,147] Trial 15 finished with value: 0.651093995652518 and parameters: {'n_estimators': 297, 'max_depth': 4, 'min_child_weight': 10, 'learning_rate': 0.0806160443398113, 'subsample': 0.7901578028215097, 'colsample_bytree': 0.6789273233915072, 'reg_alpha': 1.7745330436323914, 'reg_lambda': 7.009053567298163}. Best is trial 13 with value: 0.654622689822776.
[I 2026-07-22 21:39:54,543] Trial 16 finished with value: 0.6608256034557106 and parameters: {'n_estimators': 292, 'max_depth': 6, 'min_child_weight': 10, 'learning_rate': 0.15778725425915477, 'subsample': 0.9015844193827948, 'colsample_bytree': 0.6285035417625616, 'reg_alpha': 1.5421173095043468, 'reg_lambda': 7.376993817220204}. Best is trial 16 with value: 0.6608256034557106.
[I 2026-07-22 21:40:10,232] Trial 17 finished with value: 0.6562869514074787 and parameters: {'n_estimators': 251, 'max_depth': 7, 'min_child_weight': 9, 'learning_rate': 0.06930277234566364, 'subsample': 0.9216232055027929, 'colsample_bytree': 0.6067045144900212, 'reg_alpha': 2.529225833728267, 'reg_lambda': 7.691862677194166}. Best is trial 16 with value: 0.6608256034557106.
[I 2026-07-22 21:40:28,763] Trial 18 finished with value: 0.6054576560180067 and parameters: {'n_estimators': 256, 'max_depth': 7, 'min_child_weight': 7, 'learning_rate': 0.0156957393490331, 'subsample': 0.7444793528194642, 'colsample_bytree': 0.597549730175694, 'reg_alpha': 3.2141379316436622, 'reg_lambda': 7.719419659425532}. Best is trial 16 with value: 0.6608256034557106.
[I 2026-07-22 21:40:45,207] Trial 19 finished with value: 0.6515565248193431 and parameters: {'n_estimators': 260, 'max_depth': 7, 'min_child_weight': 7, 'learning_rate': 0.06832059139742164, 'subsample': 0.8660458151665438, 'colsample_bytree': 0.6126670940210092, 'reg_alpha': 1.8803625983859678, 'reg_lambda': 9.791445270860489}. Best is trial 16 with value: 0.6608256034557106.
[I 2026-07-22 21:41:04,702] Trial 20 finished with value: 0.6307945468888138 and parameters: {'n_estimators': 277, 'max_depth': 6, 'min_child_weight': 9, 'learning_rate': 0.029023047061074295, 'subsample': 0.9375754999885664, 'colsample_bytree': 0.59212557483928, 'reg_alpha': 3.28030869244066, 'reg_lambda': 5.439529151111372}. Best is trial 16 with value: 0.6608256034557106.
[I 2026-07-22 21:41:18,303] Trial 21 finished with value: 0.6524447223245585 and parameters: {'n_estimators': 233, 'max_depth': 6, 'min_child_weight': 9, 'learning_rate': 0.07362263709008923, 'subsample': 0.9387051403532822, 'colsample_bytree': 0.7164791435856652, 'reg_alpha': 1.3700561135560423, 'reg_lambda': 7.348645203145033}. Best is trial 16 with value: 0.6608256034557106.
[I 2026-07-22 21:41:27,692] Trial 22 finished with value: 0.6521532055480507 and parameters: {'n_estimators': 147, 'max_depth': 8, 'min_child_weight': 10, 'learning_rate': 0.16101822586255324, 'subsample': 0.8732241113765713, 'colsample_bytree': 0.6476361455905386, 'reg_alpha': 1.2234061615426173, 'reg_lambda': 6.135854055420743}. Best is trial 16 with value: 0.6608256034557106.
[I 2026-07-22 21:41:43,719] Trial 23 finished with value: 0.6548043392590761 and parameters: {'n_estimators': 273, 'max_depth': 6, 'min_child_weight': 9, 'learning_rate': 0.15585280338021373, 'subsample': 0.8234803057978474, 'colsample_bytree': 0.7210587272553562, 'reg_alpha': 2.5226451754996395, 'reg_lambda': 8.495380919658743}. Best is trial 16 with value: 0.6608256034557106.
[I 2026-07-22 21:41:56,905] Trial 24 finished with value: 0.655474666441713 and parameters: {'n_estimators': 277, 'max_depth': 6, 'min_child_weight': 9, 'learning_rate': 0.1610928038261556, 'subsample': 0.7701450967723316, 'colsample_bytree': 0.5738323365810064, 'reg_alpha': 2.3715975471442388, 'reg_lambda': 8.771704086185144}. Best is trial 16 with value: 0.6608256034557106.
[I 2026-07-22 21:42:16,985] Trial 25 finished with value: 0.6001808147365787 and parameters: {'n_estimators': 229, 'max_depth': 8, 'min_child_weight': 8, 'learning_rate': 0.0218143448028278, 'subsample': 0.7451607112054424, 'colsample_bytree': 0.5594159756456122, 'reg_alpha': 3.893176501219039, 'reg_lambda': 9.11278098212791}. Best is trial 16 with value: 0.6608256034557106.
[I 2026-07-22 21:42:32,478] Trial 26 finished with value: 0.6341969220854459 and parameters: {'n_estimators': 277, 'max_depth': 7, 'min_child_weight': 9, 'learning_rate': 0.060829585769264664, 'subsample': 0.6736375441825635, 'colsample_bytree': 0.6389227357027278, 'reg_alpha': 2.283260151206503, 'reg_lambda': 7.735588061896593}. Best is trial 16 with value: 0.6608256034557106.
[I 2026-07-22 21:42:47,103] Trial 27 finished with value: 0.6429320636309019 and parameters: {'n_estimators': 252, 'max_depth': 6, 'min_child_weight': 7, 'learning_rate': 0.09648079593464289, 'subsample': 0.7783570758076869, 'colsample_bytree': 0.561061423093748, 'reg_alpha': 5.08459632958452, 'reg_lambda': 9.071514130975446}. Best is trial 16 with value: 0.6608256034557106.
[I 2026-07-22 21:42:58,521] Trial 28 finished with value: 0.6327426892469148 and parameters: {'n_estimators': 300, 'max_depth': 7, 'min_child_weight': 6, 'learning_rate': 0.2906702397294548, 'subsample': 0.6988280607545583, 'colsample_bytree': 0.6199632663848056, 'reg_alpha': 3.3384641265418415, 'reg_lambda': 8.129351097091762}. Best is trial 16 with value: 0.6608256034557106.
[I 2026-07-22 21:43:08,552] Trial 29 finished with value: 0.6512047510359402 and parameters: {'n_estimators': 222, 'max_depth': 8, 'min_child_weight': 10, 'learning_rate': 0.16145885428450463, 'subsample': 0.8405357733600013, 'colsample_bytree': 0.5774132922913239, 'reg_alpha': 1.0179457277525201, 'reg_lambda': 5.40907965576328}. Best is trial 16 with value: 0.6608256034557106.
[I 2026-07-22 21:43:19,000] Trial 30 finished with value: 0.5696045821759526 and parameters: {'n_estimators': 243, 'max_depth': 4, 'min_child_weight': 9, 'learning_rate': 0.010924703204772101, 'subsample': 0.888944438973231, 'colsample_bytree': 0.5023807444197224, 'reg_alpha': 4.139079260593048, 'reg_lambda': 5.930654681265263}. Best is trial 16 with value: 0.6608256034557106.
[I 2026-07-22 21:43:31,771] Trial 31 finished with value: 0.6463050234689534 and parameters: {'n_estimators': 275, 'max_depth': 6, 'min_child_weight': 9, 'learning_rate': 0.1661675332396083, 'subsample': 0.8350948641350113, 'colsample_bytree': 0.723688891656, 'reg_alpha': 2.197006014683516, 'reg_lambda': 8.641194460503996}. Best is trial 16 with value: 0.6608256034557106.
[I 2026-07-22 21:43:43,247] Trial 32 finished with value: 0.6545747195390337 and parameters: {'n_estimators': 265, 'max_depth': 6, 'min_child_weight': 8, 'learning_rate': 0.19524247374182208, 'subsample': 0.8184610515477962, 'colsample_bytree': 0.7796743893263506, 'reg_alpha': 2.3848988516405285, 'reg_lambda': 7.3287773466350625}. Best is trial 16 with value: 0.6608256034557106.
[I 2026-07-22 21:43:57,899] Trial 33 finished with value: 0.6548314500581541 and parameters: {'n_estimators': 283, 'max_depth': 7, 'min_child_weight': 9, 'learning_rate': 0.09577276088265037, 'subsample': 0.75504662038751, 'colsample_bytree': 0.650097872759891, 'reg_alpha': 2.8086621815815445, 'reg_lambda': 7.701283169413319}. Best is trial 16 with value: 0.6608256034557106.
[I 2026-07-22 21:44:13,840] Trial 34 finished with value: 0.668470676914167 and parameters: {'n_estimators': 282, 'max_depth': 7, 'min_child_weight': 10, 'learning_rate': 0.09102530164732928, 'subsample': 0.7434649855841345, 'colsample_bytree': 0.6588992896973626, 'reg_alpha': 0.797525464980871, 'reg_lambda': 7.340721019937433}. Best is trial 34 with value: 0.668470676914167.
[I 2026-07-22 21:44:27,736] Trial 35 finished with value: 0.6413303762591676 and parameters: {'n_estimators': 244, 'max_depth': 8, 'min_child_weight': 10, 'learning_rate': 0.058595335679908496, 'subsample': 0.5165753549492362, 'colsample_bytree': 0.6237845275043707, 'reg_alpha': 0.8854908539587818, 'reg_lambda': 6.656256465373218}. Best is trial 34 with value: 0.668470676914167.
[I 2026-07-22 21:44:41,768] Trial 36 finished with value: 0.648246398933904 and parameters: {'n_estimators': 289, 'max_depth': 7, 'min_child_weight': 8, 'learning_rate': 0.1989469762403559, 'subsample': 0.6498747543965777, 'colsample_bytree': 0.545859579941057, 'reg_alpha': 0.7802703413277589, 'reg_lambda': 7.876879345766918}. Best is trial 34 with value: 0.668470676914167.
[I 2026-07-22 21:44:58,486] Trial 37 finished with value: 0.6634539324064282 and parameters: {'n_estimators': 210, 'max_depth': 7, 'min_child_weight': 10, 'learning_rate': 0.08974759338520813, 'subsample': 0.9590204154887938, 'colsample_bytree': 0.6781103422972309, 'reg_alpha': 0.08660896401297724, 'reg_lambda': 9.92422022972542}. Best is trial 34 with value: 0.668470676914167.
[I 2026-07-22 21:45:12,712] Trial 38 finished with value: 0.6610105201091431 and parameters: {'n_estimators': 202, 'max_depth': 7, 'min_child_weight': 10, 'learning_rate': 0.08124011859817454, 'subsample': 0.9515636907293714, 'colsample_bytree': 0.6929623337032522, 'reg_alpha': 0.09957217608092228, 'reg_lambda': 9.585630552467274}. Best is trial 34 with value: 0.668470676914167.
[I 2026-07-22 21:45:24,358] Trial 39 finished with value: 0.6654975891584469 and parameters: {'n_estimators': 193, 'max_depth': 8, 'min_child_weight': 10, 'learning_rate': 0.08894949928095724, 'subsample': 0.9585498022693184, 'colsample_bytree': 0.6839482676248964, 'reg_alpha': 0.2625985269142683, 'reg_lambda': 9.912602430004947}. Best is trial 34 with value: 0.668470676914167.
[I 2026-07-22 21:45:36,502] Trial 40 finished with value: 0.663504383000767 and parameters: {'n_estimators': 203, 'max_depth': 9, 'min_child_weight': 10, 'learning_rate': 0.08856412137240056, 'subsample': 0.9608911861184121, 'colsample_bytree': 0.6904358895602913, 'reg_alpha': 0.12467671900338208, 'reg_lambda': 9.527543397520962}. Best is trial 34 with value: 0.668470676914167.
[I 2026-07-22 21:45:48,502] Trial 41 finished with value: 0.6616749968673247 and parameters: {'n_estimators': 193, 'max_depth': 9, 'min_child_weight': 10, 'learning_rate': 0.09304107724849875, 'subsample': 0.959776536690043, 'colsample_bytree': 0.6856209768901184, 'reg_alpha': 0.1550916794585638, 'reg_lambda': 9.999335803396907}. Best is trial 34 with value: 0.668470676914167.
[I 2026-07-22 21:46:00,640] Trial 42 finished with value: 0.6549296715360615 and parameters: {'n_estimators': 195, 'max_depth': 9, 'min_child_weight': 10, 'learning_rate': 0.0930896999437453, 'subsample': 0.9676848745103883, 'colsample_bytree': 0.7517142777171749, 'reg_alpha': 0.4863595717210526, 'reg_lambda': 9.76182224104126}. Best is trial 34 with value: 0.668470676914167.
[I 2026-07-22 21:46:16,308] Trial 43 finished with value: 0.6500392719765569 and parameters: {'n_estimators': 184, 'max_depth': 9, 'min_child_weight': 10, 'learning_rate': 0.05182130414850686, 'subsample': 0.9610749045822893, 'colsample_bytree': 0.6975504106692285, 'reg_alpha': 0.039999370510096555, 'reg_lambda': 9.968444233982884}. Best is trial 34 with value: 0.668470676914167.
[I 2026-07-22 21:46:26,844] Trial 44 finished with value: 0.6562267780503157 and parameters: {'n_estimators': 161, 'max_depth': 9, 'min_child_weight': 10, 'learning_rate': 0.12950849786145804, 'subsample': 0.9808618108953931, 'colsample_bytree': 0.658221501928727, 'reg_alpha': 0.5615413443874868, 'reg_lambda': 9.34682254800152}. Best is trial 34 with value: 0.668470676914167.
[I 2026-07-22 21:46:41,537] Trial 45 finished with value: 0.659538767714805 and parameters: {'n_estimators': 210, 'max_depth': 8, 'min_child_weight': 8, 'learning_rate': 0.0884847819191221, 'subsample': 0.9597452367997122, 'colsample_bytree': 0.8132729235533008, 'reg_alpha': 1.140022388621163, 'reg_lambda': 9.300351487844962}. Best is trial 34 with value: 0.668470676914167.
[I 2026-07-22 21:46:52,471] Trial 46 finished with value: 0.6475781364390465 and parameters: {'n_estimators': 167, 'max_depth': 9, 'min_child_weight': 9, 'learning_rate': 0.10772845446807588, 'subsample': 0.8662539248605806, 'colsample_bytree': 0.7382501680250042, 'reg_alpha': 0.5350605309938523, 'reg_lambda': 9.969854288457762}. Best is trial 34 with value: 0.668470676914167.
[I 2026-07-22 21:47:05,849] Trial 47 finished with value: 0.6352037315833883 and parameters: {'n_estimators': 147, 'max_depth': 8, 'min_child_weight': 10, 'learning_rate': 0.038928033747130976, 'subsample': 0.9202292529120009, 'colsample_bytree': 0.8697629434356742, 'reg_alpha': 0.8713687583804509, 'reg_lambda': 8.856385280787352}. Best is trial 34 with value: 0.668470676914167.
[I 2026-07-22 21:47:19,474] Trial 48 finished with value: 0.6559993374456525 and parameters: {'n_estimators': 219, 'max_depth': 9, 'min_child_weight': 10, 'learning_rate': 0.05883083080449089, 'subsample': 0.9765099062216547, 'colsample_bytree': 0.6708782235312705, 'reg_alpha': 0.1186519637456446, 'reg_lambda': 0.03771385228664581}. Best is trial 34 with value: 0.668470676914167.
[I 2026-07-22 21:47:31,616] Trial 49 finished with value: 0.6527559081607618 and parameters: {'n_estimators': 191, 'max_depth': 8, 'min_child_weight': 9, 'learning_rate': 0.08011472143225923, 'subsample': 0.8855351145502679, 'colsample_bytree': 0.6979203676898035, 'reg_alpha': 1.8712646136361304, 'reg_lambda': 8.2990000531026}. Best is trial 34 with value: 0.668470676914167.
21:47:31 - Number of finished trials: 50
21:47:31 - Best trial:
21:47:31 -   Value (Average PR-AUC): 0.668470676914167
21:47:31 -   Params: 
21:47:31 -     n_estimators: 282
21:47:31 -     max_depth: 7
21:47:31 -     min_child_weight: 10
21:47:31 -     learning_rate: 0.09102530164732928
21:47:31 -     subsample: 0.7434649855841345
21:47:31 -     colsample_bytree: 0.6588992896973626
21:47:31 -     reg_alpha: 0.797525464980871
21:47:31 -     reg_lambda: 7.340721019937433
21:47:31 - Best parameters saved to D:\VSCode Data\Road Detection - Project Skripsi\ml_pipelines\evaluation\models\xgboost\best_params.json
21:47:31 - You can now run train.py which will automatically use these best parameters!
